<?xml version="1.0" encoding="UTF-8"?>
<testng-results ignored="0" total="1" passed="1" failed="0" skipped="0">
  <reporter-output>
  </reporter-output>
  <suite started-at="2023-09-26T19:11:05 IST" name="Default suite" finished-at="2023-09-26T19:11:57 IST" duration-ms="52523">
    <groups>
    </groups>
    <test started-at="2023-09-26T19:11:05 IST" name="Default test" finished-at="2023-09-26T19:11:57 IST" duration-ms="52523">
      <class name="testpkg.TestBot">
        <test-method is-config="true" signature="browser()[pri:0, instance:testpkg.TestBot@618b19ad]" started-at="2023-09-26T19:11:05 IST" name="browser" finished-at="2023-09-26T19:11:07 IST" duration-ms="2032" status="PASS">
          <reporter-output>
          </reporter-output>
        </test-method> <!-- browser -->
        <test-method is-config="true" signature="urlload()[pri:0, instance:testpkg.TestBot@618b19ad]" started-at="2023-09-26T19:11:07 IST" name="urlload" finished-at="2023-09-26T19:11:10 IST" duration-ms="3099" status="PASS">
          <reporter-output>
          </reporter-output>
        </test-method> <!-- urlload -->
        <test-method signature="testrun()[pri:0, instance:testpkg.TestBot@618b19ad]" started-at="2023-09-26T19:11:10 IST" name="testrun" finished-at="2023-09-26T19:11:57 IST" duration-ms="47344" status="PASS">
          <reporter-output>
          </reporter-output>
        </test-method> <!-- testrun -->
      </class> <!-- testpkg.TestBot -->
    </test> <!-- Default test -->
  </suite> <!-- Default suite -->
</testng-results>
